INFO:root:scraping https://movie.douban.com/subject/1308858/?from=showing...
DEBUG:urllib3.connectionpool:Starting new HTTPS connection (1): movie.douban.com:443
DEBUG:urllib3.connectionpool:https://movie.douban.com:443 "GET /subject/1308858/?from=showing HTTP/1.1" 200 None
INFO:root:scraping https://movie.douban.com/subject/3041294/?from=showing...
DEBUG:urllib3.connectionpool:Starting new HTTPS connection (1): movie.douban.com:443
DEBUG:urllib3.connectionpool:https://movie.douban.com:443 "GET /subject/3041294/?from=showing HTTP/1.1" 200 None
INFO:root:scraping https://movie.douban.com/subject/3250377/?from=showing...
DEBUG:urllib3.connectionpool:Starting new HTTPS connection (1): movie.douban.com:443
DEBUG:urllib3.connectionpool:https://movie.douban.com:443 "GET /subject/3250377/?from=showing HTTP/1.1" 200 None
INFO:root:scraping https://movie.douban.com/subject/1308819/?from=showing...
DEBUG:urllib3.connectionpool:Starting new HTTPS connection (1): movie.douban.com:443
DEBUG:urllib3.connectionpool:https://movie.douban.com:443 "GET /subject/1308819/?from=showing HTTP/1.1" 200 None
INFO:root:scraping https://movie.douban.com/subject/1292344/?from=showing...
DEBUG:urllib3.connectionpool:Starting new HTTPS connection (1): movie.douban.com:443
DEBUG:urllib3.connectionpool:https://movie.douban.com:443 "GET /subject/1292344/?from=showing HTTP/1.1" 200 None
INFO:root:scraping https://movie.douban.com/subject/1401524/?from=showing...
DEBUG:urllib3.connectionpool:Starting new HTTPS connection (1): movie.douban.com:443
DEBUG:urllib3.connectionpool:https://movie.douban.com:443 "GET /subject/1401524/?from=showing HTTP/1.1" 200 None
INFO:root:scraping https://movie.douban.com/subject/1307740/?from=showing...
DEBUG:urllib3.connectionpool:Starting new HTTPS connection (1): movie.douban.com:443
DEBUG:urllib3.connectionpool:https://movie.douban.com:443 "GET /subject/1307740/?from=showing HTTP/1.1" 200 None
INFO:root:scraping https://movie.douban.com/subject/1293414/?from=showing...
DEBUG:urllib3.connectionpool:Starting new HTTPS connection (1): movie.douban.com:443
DEBUG:urllib3.connectionpool:https://movie.douban.com:443 "GET /subject/1293414/?from=showing HTTP/1.1" 200 None
INFO:root:scraping https://movie.douban.com/subject/4057312/?from=showing...
DEBUG:urllib3.connectionpool:Starting new HTTPS connection (1): movie.douban.com:443
DEBUG:urllib3.connectionpool:https://movie.douban.com:443 "GET /subject/4057312/?from=showing HTTP/1.1" 200 None
INFO:root:scraping https://movie.douban.com/subject/1295686/?from=showing...
DEBUG:urllib3.connectionpool:Starting new HTTPS connection (1): movie.douban.com:443
DEBUG:urllib3.connectionpool:https://movie.douban.com:443 "GET /subject/1295686/?from=showing HTTP/1.1" 200 None
INFO:root:scraping https://movie.douban.com/subject/2080133/?from=showing...
DEBUG:urllib3.connectionpool:Starting new HTTPS connection (1): movie.douban.com:443
DEBUG:urllib3.connectionpool:https://movie.douban.com:443 "GET /subject/2080133/?from=showing HTTP/1.1" 200 None
INFO:root:scraping https://movie.douban.com/subject/1293475/?from=showing...
DEBUG:urllib3.connectionpool:Starting new HTTPS connection (1): movie.douban.com:443
DEBUG:urllib3.connectionpool:https://movie.douban.com:443 "GET /subject/1293475/?from=showing HTTP/1.1" 200 None
INFO:root:scraping https://movie.douban.com/subject/1306809/?from=showing...
DEBUG:urllib3.connectionpool:Starting new HTTPS connection (1): movie.douban.com:443
DEBUG:urllib3.connectionpool:https://movie.douban.com:443 "GET /subject/1306809/?from=showing HTTP/1.1" 200 None
INFO:root:scraping https://movie.douban.com/subject/1315570/?from=showing...
DEBUG:urllib3.connectionpool:Starting new HTTPS connection (1): movie.douban.com:443
DEBUG:urllib3.connectionpool:https://movie.douban.com:443 "GET /subject/1315570/?from=showing HTTP/1.1" 200 None
INFO:root:scraping https://movie.douban.com/subject/1303907/?from=showing...
DEBUG:urllib3.connectionpool:Starting new HTTPS connection (1): movie.douban.com:443
DEBUG:urllib3.connectionpool:https://movie.douban.com:443 "GET /subject/1303907/?from=showing HTTP/1.1" 200 None
INFO:root:scraping https://movie.douban.com/subject/1291842/?from=showing...
DEBUG:urllib3.connectionpool:Starting new HTTPS connection (1): movie.douban.com:443
DEBUG:urllib3.connectionpool:https://movie.douban.com:443 "GET /subject/1291842/?from=showing HTTP/1.1" 200 None
INFO:root:scraping https://movie.douban.com/subject/1292260/?from=showing...
DEBUG:urllib3.connectionpool:Starting new HTTPS connection (1): movie.douban.com:443
DEBUG:urllib3.connectionpool:https://movie.douban.com:443 "GET /subject/1292260/?from=showing HTTP/1.1" 200 None
INFO:root:scraping https://movie.douban.com/subject/2279772/?from=showing...
DEBUG:urllib3.connectionpool:Starting new HTTPS connection (1): movie.douban.com:443
DEBUG:urllib3.connectionpool:https://movie.douban.com:443 "GET /subject/2279772/?from=showing HTTP/1.1" 200 None
INFO:root:scraping https://movie.douban.com/subject/3033864/?from=showing...
DEBUG:urllib3.connectionpool:Starting new HTTPS connection (1): movie.douban.com:443
DEBUG:urllib3.connectionpool:https://movie.douban.com:443 "GET /subject/3033864/?from=showing HTTP/1.1" 200 None
INFO:root:scraping https://movie.douban.com/subject/1305182/?from=showing...
DEBUG:urllib3.connectionpool:Starting new HTTPS connection (1): movie.douban.com:443
DEBUG:urllib3.connectionpool:https://movie.douban.com:443 "GET /subject/1305182/?from=showing HTTP/1.1" 200 None
INFO:root:scraping https://movie.douban.com/subject/1307702/?from=showing...
DEBUG:urllib3.connectionpool:Starting new HTTPS connection (1): movie.douban.com:443
DEBUG:urllib3.connectionpool:https://movie.douban.com:443 "GET /subject/1307702/?from=showing HTTP/1.1" 200 None
INFO:root:scraping https://movie.douban.com/subject/3314870/?from=showing...
DEBUG:urllib3.connectionpool:Starting new HTTPS connection (1): movie.douban.com:443
DEBUG:urllib3.connectionpool:https://movie.douban.com:443 "GET /subject/3314870/?from=showing HTTP/1.1" 200 None
INFO:root:scraping https://movie.douban.com/subject/3011051/?from=showing...
DEBUG:urllib3.connectionpool:Starting new HTTPS connection (1): movie.douban.com:443
DEBUG:urllib3.connectionpool:https://movie.douban.com:443 "GET /subject/3011051/?from=showing HTTP/1.1" 200 None
INFO:root:scraping https://movie.douban.com/subject/2010975/?from=showing...
DEBUG:urllib3.connectionpool:Starting new HTTPS connection (1): movie.douban.com:443
DEBUG:urllib3.connectionpool:https://movie.douban.com:443 "GET /subject/2010975/?from=showing HTTP/1.1" 200 None
INFO:root:scraping https://movie.douban.com/subject/1322851/?from=showing...
DEBUG:urllib3.connectionpool:Starting new HTTPS connection (1): movie.douban.com:443
DEBUG:urllib3.connectionpool:https://movie.douban.com:443 "GET /subject/1322851/?from=showing HTTP/1.1" 200 None
INFO:root:scraping https://movie.douban.com/subject/1309203/?from=showing...
DEBUG:urllib3.connectionpool:Starting new HTTPS connection (1): movie.douban.com:443
DEBUG:urllib3.connectionpool:https://movie.douban.com:443 "GET /subject/1309203/?from=showing HTTP/1.1" 200 None
INFO:root:scraping https://movie.douban.com/subject/1316513/?from=showing...
DEBUG:urllib3.connectionpool:Starting new HTTPS connection (1): movie.douban.com:443
DEBUG:urllib3.connectionpool:https://movie.douban.com:443 "GET /subject/1316513/?from=showing HTTP/1.1" 200 None
INFO:root:scraping https://movie.douban.com/subject/1431946/?from=showing...
DEBUG:urllib3.connectionpool:Starting new HTTPS connection (1): movie.douban.com:443
DEBUG:urllib3.connectionpool:https://movie.douban.com:443 "GET /subject/1431946/?from=showing HTTP/1.1" 200 None
INFO:root:scraping https://movie.douban.com/subject/1307394/?from=showing...
DEBUG:urllib3.connectionpool:Starting new HTTPS connection (1): movie.douban.com:443
DEBUG:urllib3.connectionpool:https://movie.douban.com:443 "GET /subject/1307394/?from=showing HTTP/1.1" 200 None
INFO:root:scraping https://movie.douban.com/subject/1401205/?from=showing...
DEBUG:urllib3.connectionpool:Starting new HTTPS connection (1): movie.douban.com:443
DEBUG:urllib3.connectionpool:https://movie.douban.com:443 "GET /subject/1401205/?from=showing HTTP/1.1" 200 None
INFO:root:scraping https://movie.douban.com/subject/2054026/?from=showing...
DEBUG:urllib3.connectionpool:Starting new HTTPS connection (1): movie.douban.com:443
DEBUG:urllib3.connectionpool:https://movie.douban.com:443 "GET /subject/2054026/?from=showing HTTP/1.1" 200 None
INFO:root:scraping https://movie.douban.com/subject/1309103/?from=showing...
DEBUG:urllib3.connectionpool:Starting new HTTPS connection (1): movie.douban.com:443
DEBUG:urllib3.connectionpool:https://movie.douban.com:443 "GET /subject/1309103/?from=showing HTTP/1.1" 200 None
INFO:root:scraping https://movie.douban.com/subject/1796939/?from=showing...
DEBUG:urllib3.connectionpool:Starting new HTTPS connection (1): movie.douban.com:443
DEBUG:urllib3.connectionpool:https://movie.douban.com:443 "GET /subject/1796939/?from=showing HTTP/1.1" 404 None
ERROR:root:get invalid status code 404 while scraping https://movie.douban.com/subject/1796939/?from=showing 

INFO:root:scraping https://movie.douban.com/subject/1303184/?from=showing...
DEBUG:urllib3.connectionpool:Starting new HTTPS connection (1): movie.douban.com:443
DEBUG:urllib3.connectionpool:https://movie.douban.com:443 "GET /subject/1303184/?from=showing HTTP/1.1" 200 None
INFO:root:scraping https://movie.douban.com/subject/1304397/?from=showing...
DEBUG:urllib3.connectionpool:Starting new HTTPS connection (1): movie.douban.com:443
DEBUG:urllib3.connectionpool:https://movie.douban.com:443 "GET /subject/1304397/?from=showing HTTP/1.1" 200 None
INFO:root:scraping https://movie.douban.com/subject/1308288/?from=showing...
DEBUG:urllib3.connectionpool:Starting new HTTPS connection (1): movie.douban.com:443
DEBUG:urllib3.connectionpool:https://movie.douban.com:443 "GET /subject/1308288/?from=showing HTTP/1.1" 200 None
INFO:root:scraping https://movie.douban.com/subject/1300741/?from=showing...
DEBUG:urllib3.connectionpool:Starting new HTTPS connection (1): movie.douban.com:443
DEBUG:urllib3.connectionpool:https://movie.douban.com:443 "GET /subject/1300741/?from=showing HTTP/1.1" 200 None
INFO:root:scraping https://movie.douban.com/subject/1291565/?from=showing...
DEBUG:urllib3.connectionpool:Starting new HTTPS connection (1): movie.douban.com:443
DEBUG:urllib3.connectionpool:https://movie.douban.com:443 "GET /subject/1291565/?from=showing HTTP/1.1" 200 None
INFO:root:scraping https://movie.douban.com/subject/1466394/?from=showing...
DEBUG:urllib3.connectionpool:Starting new HTTPS connection (1): movie.douban.com:443
DEBUG:urllib3.connectionpool:https://movie.douban.com:443 "GET /subject/1466394/?from=showing HTTP/1.1" 200 None
INFO:root:scraping https://movie.douban.com/subject/1300608/?from=showing...
DEBUG:urllib3.connectionpool:Starting new HTTPS connection (1): movie.douban.com:443
DEBUG:urllib3.connectionpool:https://movie.douban.com:443 "GET /subject/1300608/?from=showing HTTP/1.1" 200 None
INFO:root:scraping https://movie.douban.com/subject/1304485/?from=showing...
DEBUG:urllib3.connectionpool:Starting new HTTPS connection (1): movie.douban.com:443
DEBUG:urllib3.connectionpool:https://movie.douban.com:443 "GET /subject/1304485/?from=showing HTTP/1.1" 200 None
INFO:root:scraping https://movie.douban.com/subject/1947549/?from=showing...
DEBUG:urllib3.connectionpool:Starting new HTTPS connection (1): movie.douban.com:443
DEBUG:urllib3.connectionpool:https://movie.douban.com:443 "GET /subject/1947549/?from=showing HTTP/1.1" 200 None
INFO:root:scraping https://movie.douban.com/subject/1305034/?from=showing...
DEBUG:urllib3.connectionpool:Starting new HTTPS connection (1): movie.douban.com:443
DEBUG:urllib3.connectionpool:https://movie.douban.com:443 "GET /subject/1305034/?from=showing HTTP/1.1" 200 None
INFO:root:scraping https://movie.douban.com/subject/1301174/?from=showing...
DEBUG:urllib3.connectionpool:Starting new HTTPS connection (1): movie.douban.com:443
DEBUG:urllib3.connectionpool:https://movie.douban.com:443 "GET /subject/1301174/?from=showing HTTP/1.1" 200 None
INFO:root:scraping https://movie.douban.com/subject/1300299/?from=showing...
DEBUG:urllib3.connectionpool:Starting new HTTPS connection (1): movie.douban.com:443
DEBUG:urllib3.connectionpool:https://movie.douban.com:443 "GET /subject/1300299/?from=showing HTTP/1.1" 200 None
INFO:root:scraping https://movie.douban.com/subject/1308988/?from=showing...
DEBUG:urllib3.connectionpool:Starting new HTTPS connection (1): movie.douban.com:443
DEBUG:urllib3.connectionpool:https://movie.douban.com:443 "GET /subject/1308988/?from=showing HTTP/1.1" 404 None
ERROR:root:get invalid status code 404 while scraping https://movie.douban.com/subject/1308988/?from=showing 

INFO:root:scraping https://movie.douban.com/subject/1890157/?from=showing...
DEBUG:urllib3.connectionpool:Starting new HTTPS connection (1): movie.douban.com:443
DEBUG:urllib3.connectionpool:https://movie.douban.com:443 "GET /subject/1890157/?from=showing HTTP/1.1" 200 None
INFO:root:scraping https://movie.douban.com/subject/1401535/?from=showing...
DEBUG:urllib3.connectionpool:Starting new HTTPS connection (1): movie.douban.com:443
DEBUG:urllib3.connectionpool:https://movie.douban.com:443 "GET /subject/1401535/?from=showing HTTP/1.1" 200 None
INFO:root:scraping https://movie.douban.com/subject/1388175/?from=showing...
DEBUG:urllib3.connectionpool:Starting new HTTPS connection (1): movie.douban.com:443
DEBUG:urllib3.connectionpool:https://movie.douban.com:443 "GET /subject/1388175/?from=showing HTTP/1.1" 200 None
INFO:root:scraping https://movie.douban.com/subject/1296201/?from=showing...
DEBUG:urllib3.connectionpool:Starting new HTTPS connection (1): movie.douban.com:443
DEBUG:urllib3.connectionpool:https://movie.douban.com:443 "GET /subject/1296201/?from=showing HTTP/1.1" 200 None
INFO:root:scraping https://movie.douban.com/subject/1309220/?from=showing...
DEBUG:urllib3.connectionpool:Starting new HTTPS connection (1): movie.douban.com:443
INFO:root:scraping https://movie.douban.com/subject/1308858/?from=showing...
DEBUG:urllib3.connectionpool:Starting new HTTPS connection (1): movie.douban.com:443
DEBUG:urllib3.connectionpool:https://movie.douban.com:443 "GET /subject/1308858/?from=showing HTTP/1.1" 200 None
INFO:root:scraping https://movie.douban.com/subject/3041294/?from=showing...
DEBUG:urllib3.connectionpool:Starting new HTTPS connection (1): movie.douban.com:443
DEBUG:urllib3.connectionpool:https://movie.douban.com:443 "GET /subject/3041294/?from=showing HTTP/1.1" 200 None
INFO:root:scraping https://movie.douban.com/subject/3250377/?from=showing...
DEBUG:urllib3.connectionpool:Starting new HTTPS connection (1): movie.douban.com:443
DEBUG:urllib3.connectionpool:https://movie.douban.com:443 "GET /subject/3250377/?from=showing HTTP/1.1" 200 None
INFO:root:scraping https://movie.douban.com/subject/1308819/?from=showing...
DEBUG:urllib3.connectionpool:Starting new HTTPS connection (1): movie.douban.com:443
DEBUG:urllib3.connectionpool:https://movie.douban.com:443 "GET /subject/1308819/?from=showing HTTP/1.1" 200 None
INFO:root:scraping https://movie.douban.com/subject/1292344/?from=showing...
DEBUG:urllib3.connectionpool:Starting new HTTPS connection (1): movie.douban.com:443
DEBUG:urllib3.connectionpool:https://movie.douban.com:443 "GET /subject/1292344/?from=showing HTTP/1.1" 200 None
INFO:root:scraping https://movie.douban.com/subject/1401524/?from=showing...
DEBUG:urllib3.connectionpool:Starting new HTTPS connection (1): movie.douban.com:443
DEBUG:urllib3.connectionpool:https://movie.douban.com:443 "GET /subject/1401524/?from=showing HTTP/1.1" 200 None
INFO:root:scraping https://movie.douban.com/subject/1307740/?from=showing...
DEBUG:urllib3.connectionpool:Starting new HTTPS connection (1): movie.douban.com:443
DEBUG:urllib3.connectionpool:https://movie.douban.com:443 "GET /subject/1307740/?from=showing HTTP/1.1" 200 None
INFO:root:scraping https://movie.douban.com/subject/1293414/?from=showing...
DEBUG:urllib3.connectionpool:Starting new HTTPS connection (1): movie.douban.com:443
DEBUG:urllib3.connectionpool:https://movie.douban.com:443 "GET /subject/1293414/?from=showing HTTP/1.1" 200 None
INFO:root:scraping https://movie.douban.com/subject/4057312/?from=showing...
DEBUG:urllib3.connectionpool:Starting new HTTPS connection (1): movie.douban.com:443
DEBUG:urllib3.connectionpool:https://movie.douban.com:443 "GET /subject/4057312/?from=showing HTTP/1.1" 200 None
INFO:root:scraping https://movie.douban.com/subject/1295686/?from=showing...
DEBUG:urllib3.connectionpool:Starting new HTTPS connection (1): movie.douban.com:443
DEBUG:urllib3.connectionpool:https://movie.douban.com:443 "GET /subject/1295686/?from=showing HTTP/1.1" 200 None
INFO:root:scraping https://movie.douban.com/subject/2080133/?from=showing...
DEBUG:urllib3.connectionpool:Starting new HTTPS connection (1): movie.douban.com:443
INFO:root:scraping https://movie.douban.com/subject/1292052/?from=showing...
DEBUG:urllib3.connectionpool:Starting new HTTPS connection (1): movie.douban.com:443
DEBUG:urllib3.connectionpool:https://movie.douban.com:443 "GET /subject/1292052/?from=showing HTTP/1.1" 200 None
INFO:root:scraping https://movie.douban.com/subject/1295644/?from=showing...
DEBUG:urllib3.connectionpool:Starting new HTTPS connection (1): movie.douban.com:443
DEBUG:urllib3.connectionpool:https://movie.douban.com:443 "GET /subject/1295644/?from=showing HTTP/1.1" 200 None
INFO:root:scraping https://movie.douban.com/subject/1292720/?from=showing...
DEBUG:urllib3.connectionpool:Starting new HTTPS connection (1): movie.douban.com:443
DEBUG:urllib3.connectionpool:https://movie.douban.com:443 "GET /subject/1292720/?from=showing HTTP/1.1" 200 None
INFO:root:scraping https://movie.douban.com/subject/3541415/?from=showing...
DEBUG:urllib3.connectionpool:Starting new HTTPS connection (1): movie.douban.com:443
DEBUG:urllib3.connectionpool:https://movie.douban.com:443 "GET /subject/3541415/?from=showing HTTP/1.1" 200 None
INFO:root:scraping https://movie.douban.com/subject/3742360/?from=showing...
DEBUG:urllib3.connectionpool:Starting new HTTPS connection (1): movie.douban.com:443
DEBUG:urllib3.connectionpool:https://movie.douban.com:443 "GET /subject/3742360/?from=showing HTTP/1.1" 200 None
INFO:root:scraping https://movie.douban.com/subject/1292215/?from=showing...
DEBUG:urllib3.connectionpool:Starting new HTTPS connection (1): movie.douban.com:443
DEBUG:urllib3.connectionpool:https://movie.douban.com:443 "GET /subject/1292215/?from=showing HTTP/1.1" 200 None
INFO:root:scraping https://movie.douban.com/subject/1652587/?from=showing...
DEBUG:urllib3.connectionpool:Starting new HTTPS connection (1): movie.douban.com:443
DEBUG:urllib3.connectionpool:https://movie.douban.com:443 "GET /subject/1652587/?from=showing HTTP/1.1" 200 None
INFO:root:scraping https://movie.douban.com/subject/1292001/?from=showing...
DEBUG:urllib3.connectionpool:Starting new HTTPS connection (1): movie.douban.com:443
DEBUG:urllib3.connectionpool:https://movie.douban.com:443 "GET /subject/1292001/?from=showing HTTP/1.1" 200 None
INFO:root:scraping https://movie.douban.com/subject/1292722/?from=showing...
DEBUG:urllib3.connectionpool:Starting new HTTPS connection (1): movie.douban.com:443
DEBUG:urllib3.connectionpool:https://movie.douban.com:443 "GET /subject/1292722/?from=showing HTTP/1.1" 200 None
INFO:root:scraping https://movie.douban.com/subject/1291561/?from=showing...
DEBUG:urllib3.connectionpool:Starting new HTTPS connection (1): movie.douban.com:443
DEBUG:urllib3.connectionpool:https://movie.douban.com:443 "GET /subject/1291561/?from=showing HTTP/1.1" 200 None
INFO:root:scraping https://movie.douban.com/subject/1291546/?from=showing...
DEBUG:urllib3.connectionpool:Starting new HTTPS connection (1): movie.douban.com:443
INFO:root:scraping https://movie.douban.com/subject/1292052/?from=showing...
DEBUG:urllib3.connectionpool:Starting new HTTPS connection (1): movie.douban.com:443
DEBUG:urllib3.connectionpool:https://movie.douban.com:443 "GET /subject/1292052/?from=showing HTTP/1.1" 200 None
INFO:root:scraping https://movie.douban.com/subject/1295644/?from=showing...
DEBUG:urllib3.connectionpool:Starting new HTTPS connection (1): movie.douban.com:443
DEBUG:urllib3.connectionpool:https://movie.douban.com:443 "GET /subject/1295644/?from=showing HTTP/1.1" 200 None
INFO:root:scraping https://movie.douban.com/subject/1292720/?from=showing...
DEBUG:urllib3.connectionpool:Starting new HTTPS connection (1): movie.douban.com:443
DEBUG:urllib3.connectionpool:https://movie.douban.com:443 "GET /subject/1292720/?from=showing HTTP/1.1" 200 None
INFO:root:scraping https://movie.douban.com/subject/3541415/?from=showing...
DEBUG:urllib3.connectionpool:Starting new HTTPS connection (1): movie.douban.com:443
DEBUG:urllib3.connectionpool:https://movie.douban.com:443 "GET /subject/3541415/?from=showing HTTP/1.1" 200 None
INFO:root:scraping https://movie.douban.com/subject/3742360/?from=showing...
DEBUG:urllib3.connectionpool:Starting new HTTPS connection (1): movie.douban.com:443
DEBUG:urllib3.connectionpool:https://movie.douban.com:443 "GET /subject/3742360/?from=showing HTTP/1.1" 200 None
INFO:root:scraping https://movie.douban.com/subject/1292052/?from=showing...
DEBUG:urllib3.connectionpool:Starting new HTTPS connection (1): movie.douban.com:443
DEBUG:urllib3.connectionpool:https://movie.douban.com:443 "GET /subject/1292052/?from=showing HTTP/1.1" 200 None
INFO:root:scraping https://movie.douban.com/subject/1292052/?from=showing...
DEBUG:urllib3.connectionpool:Starting new HTTPS connection (1): movie.douban.com:443
DEBUG:urllib3.connectionpool:https://movie.douban.com:443 "GET /subject/1292052/?from=showing HTTP/1.1" 302 None
DEBUG:urllib3.connectionpool:Starting new HTTPS connection (1): sec.douban.com:443
